INFO [2021-04-21 14:04:50] $x
INFO [2021-04-21 14:04:50] list(NA_DM_reduced_columns %>% filter(country == "United States of America") %>% 
INFO [2021-04-21 14:04:50]     select(cur_scientific_name) %>% unlist(), NA_DM_reduced_columns %>% 
INFO [2021-04-21 14:04:50]     filter(country == "Canada") %>% select(cur_scientific_name) %>% 
INFO [2021-04-21 14:04:50]     unlist(), NA_DM_reduced_columns %>% filter(country == "Mexico") %>% 
INFO [2021-04-21 14:04:50]     select(cur_scientific_name) %>% unlist())
INFO [2021-04-21 14:04:50] 
INFO [2021-04-21 14:04:50] $category.names
INFO [2021-04-21 14:04:50] c("United States of America", "Canada", "Mexico")
INFO [2021-04-21 14:04:50] 
INFO [2021-04-21 14:04:50] $filename
INFO [2021-04-21 14:04:50] [1] "Fig_2_venn_diagram_number_species_each_country.tiff"
INFO [2021-04-21 14:04:50] 
INFO [2021-04-21 14:04:50] $output
INFO [2021-04-21 14:04:50] [1] TRUE
INFO [2021-04-21 14:04:50] 
INFO [2021-04-21 14:04:50] $imagetype
INFO [2021-04-21 14:04:50] [1] "tiff"
INFO [2021-04-21 14:04:50] 
INFO [2021-04-21 14:04:50] $height
INFO [2021-04-21 14:04:50] [1] 190
INFO [2021-04-21 14:04:50] 
INFO [2021-04-21 14:04:50] $width
INFO [2021-04-21 14:04:50] [1] 190
INFO [2021-04-21 14:04:50] 
INFO [2021-04-21 14:04:50] $units
INFO [2021-04-21 14:04:50] [1] "mm"
INFO [2021-04-21 14:04:50] 
INFO [2021-04-21 14:04:50] $resolution
INFO [2021-04-21 14:04:50] [1] 1000
INFO [2021-04-21 14:04:50] 
INFO [2021-04-21 14:04:50] $compression
INFO [2021-04-21 14:04:50] [1] "lzw"
INFO [2021-04-21 14:04:50] 
INFO [2021-04-21 14:04:50] $lwd
INFO [2021-04-21 14:04:50] [1] 1
INFO [2021-04-21 14:04:50] 
INFO [2021-04-21 14:04:50] $col
INFO [2021-04-21 14:04:50] c("#756bb1", "#386cb0", "#66a61e")
INFO [2021-04-21 14:04:50] 
INFO [2021-04-21 14:04:50] $fill
INFO [2021-04-21 14:04:50] c(alpha("#756bb1", 0.3), alpha("#386cb0", 0.3), alpha("#66a61e", 
INFO [2021-04-21 14:04:50]     0.3))
INFO [2021-04-21 14:04:50] 
INFO [2021-04-21 14:04:50] $cex
INFO [2021-04-21 14:04:50] [1] 2
INFO [2021-04-21 14:04:50] 
INFO [2021-04-21 14:04:50] $cat.cex
INFO [2021-04-21 14:04:50] [1] 2
INFO [2021-04-21 14:04:50] 
INFO [2021-04-21 14:04:50] $cat.default.pos
INFO [2021-04-21 14:04:50] [1] "outer"
INFO [2021-04-21 14:04:50] 
INFO [2021-04-21 14:04:50] $cat.pos
INFO [2021-04-21 14:04:50] c(-30, 30, -3)
INFO [2021-04-21 14:04:50] 
INFO [2021-04-21 14:04:50] $cat.dist
INFO [2021-04-21 14:04:50] c(0.03, 0.04, 0.0275)
INFO [2021-04-21 14:04:50] 
INFO [2021-04-21 14:04:50] $cat.col
INFO [2021-04-21 14:04:50] [1] "black"
INFO [2021-04-21 14:04:50] 
INFO [2021-04-21 14:04:50] $rotation
INFO [2021-04-21 14:04:50] [1] 1
INFO [2021-04-21 14:04:50] 
